{"/home/f-society/Documents/projects/itIncubator/blogger_platform/__tests__/utils/blogs.ts": {"path":"/home/f-society/Documents/projects/itIncubator/blogger_platform/__tests__/utils/blogs.ts","statementMap":{"0":{"start":{"line":2,"column":0},"end":{"line":2,"column":32}},"1":{"start":{"line":5,"column":0},"end":{"line":5,"column":54}},"2":{"start":{"line":6,"column":0},"end":{"line":6,"column":61}},"3":{"start":{"line":7,"column":0},"end":{"line":7,"column":41}},"4":{"start":{"line":9,"column":26},"end":{"line":15,"column":1}},"5":{"start":{"line":10,"column":2},"end":{"line":14,"column":4}},"6":{"start":{"line":9,"column":13},"end":{"line":9,"column":26}},"7":{"start":{"line":17,"column":27},"end":{"line":23,"column":2}},"8":{"start":{"line":17,"column":81},"end":{"line":23,"column":2}},"9":{"start":{"line":18,"column":23},"end":{"line":20,"column":30}},"10":{"start":{"line":22,"column":2},"end":{"line":22,"column":27}},"11":{"start":{"line":17,"column":13},"end":{"line":17,"column":27}},"12":{"start":{"line":25,"column":26},"end":{"line":37,"column":2}},"13":{"start":{"line":25,"column":88},"end":{"line":37,"column":2}},"14":{"start":{"line":26,"column":40},"end":{"line":26,"column":52}},"15":{"start":{"line":28,"column":20},"end":{"line":28,"column":55}},"16":{"start":{"line":30,"column":30},"end":{"line":34,"column":35}},"17":{"start":{"line":36,"column":2},"end":{"line":36,"column":34}},"18":{"start":{"line":25,"column":13},"end":{"line":25,"column":26}},"19":{"start":{"line":39,"column":26},"end":{"line":55,"column":2}},"20":{"start":{"line":43,"column":19},"end":{"line":55,"column":2}},"21":{"start":{"line":44,"column":40},"end":{"line":44,"column":52}},"22":{"start":{"line":46,"column":22},"end":{"line":46,"column":57}},"23":{"start":{"line":48,"column":30},"end":{"line":52,"column":38}},"24":{"start":{"line":54,"column":2},"end":{"line":54,"column":34}},"25":{"start":{"line":39,"column":13},"end":{"line":39,"column":26}}},"fnMap":{"0":{"name":"(anonymous_8)","decl":{"start":{"line":9,"column":26},"end":{"line":9,"column":29}},"loc":{"start":{"line":9,"column":31},"end":{"line":15,"column":1}}},"1":{"name":"(anonymous_9)","decl":{"start":{"line":17,"column":27},"end":{"line":17,"column":34}},"loc":{"start":{"line":17,"column":81},"end":{"line":23,"column":2}}},"2":{"name":"(anonymous_10)","decl":{"start":{"line":17,"column":81},"end":{"line":17,"column":null}},"loc":{"start":{"line":17,"column":81},"end":{"line":23,"column":1}}},"3":{"name":"(anonymous_11)","decl":{"start":{"line":25,"column":26},"end":{"line":25,"column":33}},"loc":{"start":{"line":25,"column":88},"end":{"line":37,"column":2}}},"4":{"name":"(anonymous_12)","decl":{"start":{"line":25,"column":88},"end":{"line":25,"column":null}},"loc":{"start":{"line":25,"column":88},"end":{"line":37,"column":1}}},"5":{"name":"(anonymous_13)","decl":{"start":{"line":39,"column":26},"end":{"line":39,"column":null}},"loc":{"start":{"line":43,"column":19},"end":{"line":55,"column":2}}},"6":{"name":"(anonymous_14)","decl":{"start":{"line":43,"column":19},"end":{"line":43,"column":null}},"loc":{"start":{"line":43,"column":19},"end":{"line":55,"column":1}}}},"branchMap":{},"s":{"0":4,"1":4,"2":4,"3":4,"4":4,"5":19,"6":4,"7":4,"8":2,"9":2,"10":2,"11":4,"12":4,"13":16,"14":16,"15":16,"16":16,"17":16,"18":4,"19":4,"20":1,"21":1,"22":1,"23":1,"24":1,"25":4},"f":{"0":19,"1":2,"2":2,"3":16,"4":16,"5":1,"6":1},"b":{}}
,"/home/f-society/Documents/projects/itIncubator/blogger_platform/__tests__/utils/index.ts": {"path":"/home/f-society/Documents/projects/itIncubator/blogger_platform/__tests__/utils/index.ts","statementMap":{"0":{"start":{"line":13,"column":0},"end":{"line":13,"column":16}},"1":{"start":{"line":2,"column":0},"end":{"line":2,"column":32}},"2":{"start":{"line":3,"column":0},"end":{"line":3,"column":61}},"3":{"start":{"line":4,"column":0},"end":{"line":4,"column":56}},"4":{"start":{"line":5,"column":0},"end":{"line":5,"column":null}},"5":{"start":{"line":10,"column":23},"end":{"line":11,"column":83}},"6":{"start":{"line":11,"column":2},"end":{"line":11,"column":83}},"7":{"start":{"line":10,"column":13},"end":{"line":10,"column":23}},"8":{"start":{"line":14,"column":22},"end":{"line":14,"column":59}},"9":{"start":{"line":15,"column":16},"end":{"line":15,"column":59}},"10":{"start":{"line":17,"column":2},"end":{"line":17,"column":26}},"11":{"start":{"line":20,"column":30},"end":{"line":47,"column":1}},"12":{"start":{"line":24,"column":2},"end":{"line":26,"column":3}},"13":{"start":{"line":25,"column":4},"end":{"line":25,"column":14}},"14":{"start":{"line":28,"column":16},"end":{"line":28,"column":80}},"15":{"start":{"line":29,"column":26},"end":{"line":29,"column":37}},"16":{"start":{"line":30,"column":15},"end":{"line":30,"column":17}},"17":{"start":{"line":32,"column":2},"end":{"line":38,"column":3}},"18":{"start":{"line":33,"column":17},"end":{"line":35,"column":55}},"19":{"start":{"line":37,"column":4},"end":{"line":37,"column":19}},"20":{"start":{"line":40,"column":2},"end":{"line":40,"column":25}},"21":{"start":{"line":42,"column":2},"end":{"line":44,"column":3}},"22":{"start":{"line":43,"column":4},"end":{"line":43,"column":62}},"23":{"start":{"line":46,"column":2},"end":{"line":46,"column":16}},"24":{"start":{"line":20,"column":13},"end":{"line":20,"column":30}}},"fnMap":{"0":{"name":"(anonymous_1)","decl":{"start":{"line":10,"column":23},"end":{"line":10,"column":24}},"loc":{"start":{"line":11,"column":2},"end":{"line":11,"column":83}}},"1":{"name":"generateBasicAuthToken","decl":{"start":{"line":13,"column":16},"end":{"line":13,"column":38}},"loc":{"start":{"line":13,"column":38},"end":{"line":18,"column":1}}},"2":{"name":"(anonymous_3)","decl":{"start":{"line":20,"column":30},"end":{"line":20,"column":null}},"loc":{"start":{"line":23,"column":12},"end":{"line":47,"column":1}}}},"branchMap":{"0":{"loc":{"start":{"line":22,"column":2},"end":{"line":22,"column":31}},"type":"default-arg","locations":[{"start":{"line":22,"column":27},"end":{"line":22,"column":31}}]},"1":{"loc":{"start":{"line":24,"column":2},"end":{"line":26,"column":3}},"type":"if","locations":[{"start":{"line":24,"column":2},"end":{"line":26,"column":3}}]},"2":{"loc":{"start":{"line":33,"column":17},"end":{"line":35,"column":55}},"type":"cond-expr","locations":[{"start":{"line":34,"column":8},"end":{"line":34,"column":75}},{"start":{"line":35,"column":8},"end":{"line":35,"column":55}}]}},"s":{"0":4,"1":4,"2":4,"3":4,"4":4,"5":4,"6":4,"7":4,"8":30,"9":30,"10":30,"11":4,"12":12,"13":0,"14":12,"15":12,"16":12,"17":12,"18":3502,"19":3502,"20":12,"21":12,"22":1,"23":12,"24":4},"f":{"0":4,"1":30,"2":12},"b":{"0":[12],"1":[0],"2":[3502,0]}}
,"/home/f-society/Documents/projects/itIncubator/blogger_platform/__tests__/utils/posts.ts": {"path":"/home/f-society/Documents/projects/itIncubator/blogger_platform/__tests__/utils/posts.ts","statementMap":{"0":{"start":{"line":2,"column":0},"end":{"line":2,"column":32}},"1":{"start":{"line":3,"column":0},"end":{"line":3,"column":54}},"2":{"start":{"line":4,"column":0},"end":{"line":4,"column":61}},"3":{"start":{"line":5,"column":0},"end":{"line":5,"column":41}},"4":{"start":{"line":9,"column":26},"end":{"line":16,"column":1}},"5":{"start":{"line":10,"column":2},"end":{"line":15,"column":4}},"6":{"start":{"line":9,"column":13},"end":{"line":9,"column":26}},"7":{"start":{"line":18,"column":27},"end":{"line":24,"column":2}},"8":{"start":{"line":18,"column":81},"end":{"line":24,"column":2}},"9":{"start":{"line":19,"column":23},"end":{"line":21,"column":30}},"10":{"start":{"line":23,"column":2},"end":{"line":23,"column":27}},"11":{"start":{"line":18,"column":13},"end":{"line":18,"column":27}},"12":{"start":{"line":26,"column":26},"end":{"line":36,"column":2}},"13":{"start":{"line":26,"column":80},"end":{"line":36,"column":2}},"14":{"start":{"line":27,"column":37},"end":{"line":27,"column":55}},"15":{"start":{"line":29,"column":30},"end":{"line":33,"column":35}},"16":{"start":{"line":35,"column":2},"end":{"line":35,"column":34}},"17":{"start":{"line":26,"column":13},"end":{"line":26,"column":26}},"18":{"start":{"line":38,"column":26},"end":{"line":52,"column":2}},"19":{"start":{"line":42,"column":19},"end":{"line":52,"column":2}},"20":{"start":{"line":43,"column":39},"end":{"line":43,"column":57}},"21":{"start":{"line":45,"column":30},"end":{"line":49,"column":38}},"22":{"start":{"line":51,"column":2},"end":{"line":51,"column":34}},"23":{"start":{"line":38,"column":13},"end":{"line":38,"column":26}}},"fnMap":{"0":{"name":"(anonymous_8)","decl":{"start":{"line":9,"column":26},"end":{"line":9,"column":27}},"loc":{"start":{"line":9,"column":59},"end":{"line":16,"column":1}}},"1":{"name":"(anonymous_9)","decl":{"start":{"line":18,"column":27},"end":{"line":18,"column":34}},"loc":{"start":{"line":18,"column":81},"end":{"line":24,"column":2}}},"2":{"name":"(anonymous_10)","decl":{"start":{"line":18,"column":81},"end":{"line":18,"column":null}},"loc":{"start":{"line":18,"column":81},"end":{"line":24,"column":1}}},"3":{"name":"(anonymous_11)","decl":{"start":{"line":26,"column":26},"end":{"line":26,"column":33}},"loc":{"start":{"line":26,"column":80},"end":{"line":36,"column":2}}},"4":{"name":"(anonymous_12)","decl":{"start":{"line":26,"column":80},"end":{"line":26,"column":null}},"loc":{"start":{"line":26,"column":80},"end":{"line":36,"column":1}}},"5":{"name":"(anonymous_13)","decl":{"start":{"line":38,"column":26},"end":{"line":38,"column":null}},"loc":{"start":{"line":42,"column":19},"end":{"line":52,"column":2}}},"6":{"name":"(anonymous_14)","decl":{"start":{"line":42,"column":19},"end":{"line":42,"column":null}},"loc":{"start":{"line":42,"column":19},"end":{"line":52,"column":1}}}},"branchMap":{},"s":{"0":2,"1":2,"2":2,"3":2,"4":2,"5":11,"6":2,"7":2,"8":2,"9":2,"10":2,"11":2,"12":2,"13":8,"14":8,"15":8,"16":8,"17":2,"18":2,"19":1,"20":1,"21":1,"22":1,"23":2},"f":{"0":11,"1":2,"2":2,"3":8,"4":8,"5":1,"6":1},"b":{}}
,"/home/f-society/Documents/projects/itIncubator/blogger_platform/src/setupApp.ts": {"path":"/home/f-society/Documents/projects/itIncubator/blogger_platform/src/setupApp.ts","statementMap":{"0":{"start":{"line":1,"column":0},"end":{"line":1,"column":41}},"1":{"start":{"line":2,"column":0},"end":{"line":2,"column":53}},"2":{"start":{"line":3,"column":0},"end":{"line":3,"column":57}},"3":{"start":{"line":4,"column":0},"end":{"line":4,"column":57}},"4":{"start":{"line":5,"column":0},"end":{"line":5,"column":63}},"5":{"start":{"line":6,"column":0},"end":{"line":6,"column":57}},"6":{"start":{"line":7,"column":0},"end":{"line":7,"column":72}},"7":{"start":{"line":9,"column":24},"end":{"line":23,"column":1}},"8":{"start":{"line":10,"column":2},"end":{"line":10,"column":26}},"9":{"start":{"line":12,"column":2},"end":{"line":14,"column":5}},"10":{"start":{"line":13,"column":4},"end":{"line":13,"column":55}},"11":{"start":{"line":16,"column":2},"end":{"line":16,"column":39}},"12":{"start":{"line":17,"column":2},"end":{"line":17,"column":35}},"13":{"start":{"line":18,"column":2},"end":{"line":18,"column":35}},"14":{"start":{"line":20,"column":2},"end":{"line":20,"column":20}},"15":{"start":{"line":22,"column":2},"end":{"line":22,"column":13}},"16":{"start":{"line":9,"column":13},"end":{"line":9,"column":24}}},"fnMap":{"0":{"name":"(anonymous_1)","decl":{"start":{"line":9,"column":24},"end":{"line":9,"column":25}},"loc":{"start":{"line":9,"column":41},"end":{"line":23,"column":1}}},"1":{"name":"(anonymous_2)","decl":{"start":{"line":12,"column":15},"end":{"line":12,"column":16}},"loc":{"start":{"line":12,"column":26},"end":{"line":14,"column":3}}}},"branchMap":{},"s":{"0":4,"1":4,"2":4,"3":4,"4":4,"5":4,"6":4,"7":4,"8":4,"9":4,"10":0,"11":4,"12":4,"13":4,"14":4,"15":4,"16":4},"f":{"0":4,"1":0},"b":{}}
,"/home/f-society/Documents/projects/itIncubator/blogger_platform/src/auth/middlewares/superAdminGuard.middleware.ts": {"path":"/home/f-society/Documents/projects/itIncubator/blogger_platform/src/auth/middlewares/superAdminGuard.middleware.ts","statementMap":{"0":{"start":{"line":2,"column":0},"end":{"line":2,"column":57}},"1":{"start":{"line":4,"column":13},"end":{"line":4,"column":68}},"2":{"start":{"line":5,"column":13},"end":{"line":5,"column":69}},"3":{"start":{"line":7,"column":41},"end":{"line":39,"column":1}},"4":{"start":{"line":12,"column":15},"end":{"line":12,"column":53}},"5":{"start":{"line":14,"column":2},"end":{"line":18,"column":3}},"6":{"start":{"line":15,"column":4},"end":{"line":15,"column":48}},"7":{"start":{"line":17,"column":4},"end":{"line":17,"column":11}},"8":{"start":{"line":20,"column":24},"end":{"line":20,"column":39}},"9":{"start":{"line":22,"column":2},"end":{"line":26,"column":3}},"10":{"start":{"line":23,"column":4},"end":{"line":23,"column":48}},"11":{"start":{"line":25,"column":4},"end":{"line":25,"column":11}},"12":{"start":{"line":28,"column":22},"end":{"line":28,"column":68}},"13":{"start":{"line":30,"column":31},"end":{"line":30,"column":53}},"14":{"start":{"line":32,"column":2},"end":{"line":36,"column":3}},"15":{"start":{"line":33,"column":4},"end":{"line":33,"column":48}},"16":{"start":{"line":35,"column":4},"end":{"line":35,"column":11}},"17":{"start":{"line":38,"column":2},"end":{"line":38,"column":9}},"18":{"start":{"line":7,"column":13},"end":{"line":7,"column":41}}},"fnMap":{"0":{"name":"(anonymous_0)","decl":{"start":{"line":7,"column":41},"end":{"line":7,"column":null}},"loc":{"start":{"line":11,"column":4},"end":{"line":39,"column":1}}}},"branchMap":{"0":{"loc":{"start":{"line":4,"column":30},"end":{"line":4,"column":67}},"type":"binary-expr","locations":[{"start":{"line":4,"column":30},"end":{"line":4,"column":56}},{"start":{"line":4,"column":60},"end":{"line":4,"column":67}}]},"1":{"loc":{"start":{"line":5,"column":30},"end":{"line":5,"column":68}},"type":"binary-expr","locations":[{"start":{"line":5,"column":30},"end":{"line":5,"column":56}},{"start":{"line":5,"column":60},"end":{"line":5,"column":68}}]},"2":{"loc":{"start":{"line":14,"column":2},"end":{"line":18,"column":3}},"type":"if","locations":[{"start":{"line":14,"column":2},"end":{"line":18,"column":3}}]},"3":{"loc":{"start":{"line":22,"column":2},"end":{"line":26,"column":3}},"type":"if","locations":[{"start":{"line":22,"column":2},"end":{"line":26,"column":3}}]},"4":{"loc":{"start":{"line":32,"column":2},"end":{"line":36,"column":3}},"type":"if","locations":[{"start":{"line":32,"column":2},"end":{"line":36,"column":3}}]},"5":{"loc":{"start":{"line":32,"column":6},"end":{"line":32,"column":64}},"type":"binary-expr","locations":[{"start":{"line":32,"column":6},"end":{"line":32,"column":33}},{"start":{"line":32,"column":37},"end":{"line":32,"column":64}}]}},"s":{"0":4,"1":4,"2":4,"3":4,"4":56,"5":56,"6":6,"7":6,"8":50,"9":50,"10":0,"11":0,"12":50,"13":50,"14":50,"15":0,"16":0,"17":50,"18":4},"f":{"0":56},"b":{"0":[4,4],"1":[4,4],"2":[6],"3":[0],"4":[0],"5":[50,50]}}
,"/home/f-society/Documents/projects/itIncubator/blogger_platform/src/blogs/repositories/blogs.repository.ts": {"path":"/home/f-society/Documents/projects/itIncubator/blogger_platform/src/blogs/repositories/blogs.repository.ts","statementMap":{"0":{"start":{"line":1,"column":0},"end":{"line":1,"column":38}},"1":{"start":{"line":2,"column":0},"end":{"line":2,"column":52}},"2":{"start":{"line":6,"column":13},"end":{"line":6,"column":79}}},"fnMap":{},"branchMap":{},"s":{"0":4,"1":4,"2":4},"f":{},"b":{}}
,"/home/f-society/Documents/projects/itIncubator/blogger_platform/src/blogs/routers/blogs.router.ts": {"path":"/home/f-society/Documents/projects/itIncubator/blogger_platform/src/blogs/routers/blogs.router.ts","statementMap":{"0":{"start":{"line":1,"column":0},"end":{"line":1,"column":31}},"1":{"start":{"line":2,"column":0},"end":{"line":2,"column":92}},"2":{"start":{"line":3,"column":0},"end":{"line":3,"column":105}},"3":{"start":{"line":4,"column":0},"end":{"line":4,"column":91}},"4":{"start":{"line":5,"column":0},"end":{"line":5,"column":77}},"5":{"start":{"line":6,"column":0},"end":{"line":6,"column":60}},"6":{"start":{"line":7,"column":0},"end":{"line":7,"column":66}},"7":{"start":{"line":8,"column":0},"end":{"line":8,"column":64}},"8":{"start":{"line":9,"column":0},"end":{"line":9,"column":64}},"9":{"start":{"line":10,"column":0},"end":{"line":10,"column":64}},"10":{"start":{"line":12,"column":13},"end":{"line":12,"column":36}},"11":{"start":{"line":14,"column":0},"end":{"line":42,"column":4}}},"fnMap":{},"branchMap":{},"s":{"0":4,"1":4,"2":4,"3":4,"4":4,"5":4,"6":4,"7":4,"8":4,"9":4,"10":4,"11":4},"f":{},"b":{}}
,"/home/f-society/Documents/projects/itIncubator/blogger_platform/src/blogs/routers/handlers/createBlog.handler.ts": {"path":"/home/f-society/Documents/projects/itIncubator/blogger_platform/src/blogs/routers/handlers/createBlog.handler.ts","statementMap":{"0":{"start":{"line":2,"column":0},"end":{"line":2,"column":60}},"1":{"start":{"line":4,"column":0},"end":{"line":4,"column":68}},"2":{"start":{"line":6,"column":33},"end":{"line":21,"column":1}},"3":{"start":{"line":15,"column":18},"end":{"line":17,"column":null}},"4":{"start":{"line":20,"column":2},"end":{"line":20,"column":51}},"5":{"start":{"line":6,"column":13},"end":{"line":6,"column":33}}},"fnMap":{"0":{"name":"(anonymous_0)","decl":{"start":{"line":6,"column":33},"end":{"line":6,"column":34}},"loc":{"start":{"line":6,"column":68},"end":{"line":21,"column":1}}}},"branchMap":{},"s":{"0":4,"1":4,"2":4,"3":16,"4":16,"5":4},"f":{"0":16},"b":{}}
,"/home/f-society/Documents/projects/itIncubator/blogger_platform/src/blogs/routers/handlers/deleteBlog.handler.ts": {"path":"/home/f-society/Documents/projects/itIncubator/blogger_platform/src/blogs/routers/handlers/deleteBlog.handler.ts","statementMap":{"0":{"start":{"line":2,"column":0},"end":{"line":2,"column":60}},"1":{"start":{"line":3,"column":0},"end":{"line":3,"column":68}},"2":{"start":{"line":4,"column":0},"end":{"line":4,"column":68}},"3":{"start":{"line":6,"column":33},"end":{"line":25,"column":1}},"4":{"start":{"line":7,"column":15},"end":{"line":7,"column":50}},"5":{"start":{"line":9,"column":2},"end":{"line":20,"column":3}},"6":{"start":{"line":10,"column":4},"end":{"line":17,"column":6}},"7":{"start":{"line":19,"column":4},"end":{"line":19,"column":11}},"8":{"start":{"line":22,"column":2},"end":{"line":22,"column":36}},"9":{"start":{"line":24,"column":2},"end":{"line":24,"column":44}},"10":{"start":{"line":6,"column":13},"end":{"line":6,"column":33}}},"fnMap":{"0":{"name":"(anonymous_0)","decl":{"start":{"line":6,"column":33},"end":{"line":6,"column":34}},"loc":{"start":{"line":6,"column":70},"end":{"line":25,"column":1}}}},"branchMap":{"0":{"loc":{"start":{"line":9,"column":2},"end":{"line":20,"column":3}},"type":"if","locations":[{"start":{"line":9,"column":2},"end":{"line":20,"column":3}}]}},"s":{"0":4,"1":4,"2":4,"3":4,"4":2,"5":2,"6":1,"7":1,"8":1,"9":1,"10":4},"f":{"0":2},"b":{"0":[1]}}
,"/home/f-society/Documents/projects/itIncubator/blogger_platform/src/blogs/routers/handlers/getBlogById.handler.ts": {"path":"/home/f-society/Documents/projects/itIncubator/blogger_platform/src/blogs/routers/handlers/getBlogById.handler.ts","statementMap":{"0":{"start":{"line":2,"column":0},"end":{"line":2,"column":60}},"1":{"start":{"line":3,"column":0},"end":{"line":3,"column":68}},"2":{"start":{"line":4,"column":0},"end":{"line":4,"column":68}},"3":{"start":{"line":6,"column":34},"end":{"line":23,"column":1}},"4":{"start":{"line":7,"column":18},"end":{"line":7,"column":53}},"5":{"start":{"line":9,"column":2},"end":{"line":20,"column":3}},"6":{"start":{"line":10,"column":4},"end":{"line":17,"column":6}},"7":{"start":{"line":19,"column":4},"end":{"line":19,"column":11}},"8":{"start":{"line":22,"column":2},"end":{"line":22,"column":46}},"9":{"start":{"line":6,"column":13},"end":{"line":6,"column":34}}},"fnMap":{"0":{"name":"(anonymous_0)","decl":{"start":{"line":6,"column":34},"end":{"line":6,"column":35}},"loc":{"start":{"line":6,"column":71},"end":{"line":23,"column":1}}}},"branchMap":{"0":{"loc":{"start":{"line":9,"column":2},"end":{"line":20,"column":3}},"type":"if","locations":[{"start":{"line":9,"column":2},"end":{"line":20,"column":3}}]}},"s":{"0":4,"1":4,"2":4,"3":4,"4":3,"5":3,"6":1,"7":1,"8":2,"9":4},"f":{"0":3},"b":{"0":[1]}}
,"/home/f-society/Documents/projects/itIncubator/blogger_platform/src/blogs/routers/handlers/getBlogs.handler.ts": {"path":"/home/f-society/Documents/projects/itIncubator/blogger_platform/src/blogs/routers/handlers/getBlogs.handler.ts","statementMap":{"0":{"start":{"line":2,"column":0},"end":{"line":2,"column":60}},"1":{"start":{"line":3,"column":0},"end":{"line":3,"column":68}},"2":{"start":{"line":5,"column":31},"end":{"line":16,"column":1}},"3":{"start":{"line":6,"column":2},"end":{"line":15,"column":3}},"4":{"start":{"line":10,"column":18},"end":{"line":10,"column":43}},"5":{"start":{"line":12,"column":4},"end":{"line":12,"column":46}},"6":{"start":{"line":14,"column":4},"end":{"line":14,"column":57}},"7":{"start":{"line":5,"column":13},"end":{"line":5,"column":31}}},"fnMap":{"0":{"name":"(anonymous_0)","decl":{"start":{"line":5,"column":31},"end":{"line":5,"column":32}},"loc":{"start":{"line":5,"column":61},"end":{"line":16,"column":1}}}},"branchMap":{},"s":{"0":4,"1":4,"2":4,"3":1,"4":1,"5":1,"6":0,"7":4},"f":{"0":1},"b":{}}
,"/home/f-society/Documents/projects/itIncubator/blogger_platform/src/blogs/routers/handlers/updateBlog.handler.ts": {"path":"/home/f-society/Documents/projects/itIncubator/blogger_platform/src/blogs/routers/handlers/updateBlog.handler.ts","statementMap":{"0":{"start":{"line":2,"column":0},"end":{"line":2,"column":60}},"1":{"start":{"line":3,"column":0},"end":{"line":3,"column":68}},"2":{"start":{"line":4,"column":0},"end":{"line":4,"column":68}},"3":{"start":{"line":6,"column":33},"end":{"line":33,"column":1}},"4":{"start":{"line":7,"column":15},"end":{"line":7,"column":50}},"5":{"start":{"line":9,"column":2},"end":{"line":20,"column":3}},"6":{"start":{"line":10,"column":4},"end":{"line":17,"column":6}},"7":{"start":{"line":19,"column":4},"end":{"line":19,"column":11}},"8":{"start":{"line":30,"column":2},"end":{"line":30,"column":42}},"9":{"start":{"line":32,"column":2},"end":{"line":32,"column":44}},"10":{"start":{"line":6,"column":13},"end":{"line":6,"column":33}}},"fnMap":{"0":{"name":"(anonymous_0)","decl":{"start":{"line":6,"column":33},"end":{"line":6,"column":34}},"loc":{"start":{"line":6,"column":76},"end":{"line":33,"column":1}}}},"branchMap":{"0":{"loc":{"start":{"line":9,"column":2},"end":{"line":20,"column":3}},"type":"if","locations":[{"start":{"line":9,"column":2},"end":{"line":20,"column":3}}]}},"s":{"0":4,"1":4,"2":4,"3":4,"4":2,"5":2,"6":1,"7":1,"8":1,"9":1,"10":4},"f":{"0":2},"b":{"0":[1]}}
,"/home/f-society/Documents/projects/itIncubator/blogger_platform/src/blogs/validation/blogInputDto.validation.ts": {"path":"/home/f-society/Documents/projects/itIncubator/blogger_platform/src/blogs/validation/blogInputDto.validation.ts","statementMap":{"0":{"start":{"line":1,"column":0},"end":{"line":1,"column":93}},"1":{"start":{"line":4,"column":2},"end":{"line":4,"column":71}},"2":{"start":{"line":6,"column":13},"end":{"line":10,"column":2}}},"fnMap":{},"branchMap":{},"s":{"0":4,"1":4,"2":4},"f":{},"b":{}}
,"/home/f-society/Documents/projects/itIncubator/blogger_platform/src/core/middlewares/validation/bodyValidation.middleware.ts": {"path":"/home/f-society/Documents/projects/itIncubator/blogger_platform/src/core/middlewares/validation/bodyValidation.middleware.ts","statementMap":{"0":{"start":{"line":1,"column":0},"end":{"line":1,"column":39}},"1":{"start":{"line":12,"column":32},"end":{"line":52,"column":1}},"2":{"start":{"line":20,"column":18},"end":{"line":20,"column":27}},"3":{"start":{"line":22,"column":2},"end":{"line":24,"column":3}},"4":{"start":{"line":23,"column":4},"end":{"line":23,"column":53}},"5":{"start":{"line":26,"column":2},"end":{"line":26,"column":83}},"6":{"start":{"line":28,"column":54},"end":{"line":28,"column":56}},"7":{"start":{"line":30,"column":2},"end":{"line":30,"column":35}},"8":{"start":{"line":30,"column":11},"end":{"line":30,"column":35}},"9":{"start":{"line":31,"column":2},"end":{"line":31,"column":35}},"10":{"start":{"line":31,"column":11},"end":{"line":31,"column":35}},"11":{"start":{"line":33,"column":2},"end":{"line":39,"column":3}},"12":{"start":{"line":34,"column":19},"end":{"line":34,"column":48}},"13":{"start":{"line":35,"column":19},"end":{"line":35,"column":47}},"14":{"start":{"line":36,"column":20},"end":{"line":36,"column":91}},"15":{"start":{"line":38,"column":4},"end":{"line":38,"column":71}},"16":{"start":{"line":41,"column":2},"end":{"line":43,"column":3}},"17":{"start":{"line":42,"column":4},"end":{"line":42,"column":85}},"18":{"start":{"line":45,"column":2},"end":{"line":49,"column":3}},"19":{"start":{"line":46,"column":4},"end":{"line":48,"column":60}},"20":{"start":{"line":51,"column":2},"end":{"line":51,"column":19}},"21":{"start":{"line":12,"column":13},"end":{"line":12,"column":32}}},"fnMap":{"0":{"name":"(anonymous_0)","decl":{"start":{"line":12,"column":32},"end":{"line":12,"column":33}},"loc":{"start":{"line":19,"column":30},"end":{"line":52,"column":1}}}},"branchMap":{"0":{"loc":{"start":{"line":22,"column":2},"end":{"line":24,"column":3}},"type":"if","locations":[{"start":{"line":22,"column":2},"end":{"line":24,"column":3}}]},"1":{"loc":{"start":{"line":30,"column":2},"end":{"line":30,"column":35}},"type":"if","locations":[{"start":{"line":30,"column":2},"end":{"line":30,"column":35}}]},"2":{"loc":{"start":{"line":31,"column":2},"end":{"line":31,"column":35}},"type":"if","locations":[{"start":{"line":31,"column":2},"end":{"line":31,"column":35}}]},"3":{"loc":{"start":{"line":33,"column":2},"end":{"line":39,"column":3}},"type":"if","locations":[{"start":{"line":33,"column":2},"end":{"line":39,"column":3}}]},"4":{"loc":{"start":{"line":34,"column":19},"end":{"line":34,"column":48}},"type":"cond-expr","locations":[{"start":{"line":34,"column":25},"end":{"line":34,"column":43}},{"start":{"line":34,"column":46},"end":{"line":34,"column":48}}]},"5":{"loc":{"start":{"line":35,"column":19},"end":{"line":35,"column":47}},"type":"cond-expr","locations":[{"start":{"line":35,"column":25},"end":{"line":35,"column":42}},{"start":{"line":35,"column":45},"end":{"line":35,"column":47}}]},"6":{"loc":{"start":{"line":36,"column":56},"end":{"line":36,"column":80}},"type":"cond-expr","locations":[{"start":{"line":36,"column":69},"end":{"line":36,"column":75}},{"start":{"line":36,"column":78},"end":{"line":36,"column":80}}]},"7":{"loc":{"start":{"line":36,"column":56},"end":{"line":36,"column":66}},"type":"binary-expr","locations":[{"start":{"line":36,"column":56},"end":{"line":36,"column":59}},{"start":{"line":36,"column":63},"end":{"line":36,"column":66}}]},"8":{"loc":{"start":{"line":41,"column":2},"end":{"line":43,"column":3}},"type":"if","locations":[{"start":{"line":41,"column":2},"end":{"line":43,"column":3}}]},"9":{"loc":{"start":{"line":45,"column":2},"end":{"line":49,"column":3}},"type":"if","locations":[{"start":{"line":45,"column":2},"end":{"line":49,"column":3}}]}},"s":{"0":4,"1":4,"2":28,"3":28,"4":0,"5":28,"6":28,"7":28,"8":24,"9":28,"10":24,"11":28,"12":28,"13":28,"14":28,"15":28,"16":28,"17":4,"18":28,"19":4,"20":28,"21":4},"f":{"0":28},"b":{"0":[0],"1":[24],"2":[24],"3":[28],"4":[24,4],"5":[24,4],"6":[20,8],"7":[28,24],"8":[4],"9":[4]}}
,"/home/f-society/Documents/projects/itIncubator/blogger_platform/src/core/middlewares/validation/paramsValidation.middleware.ts": {"path":"/home/f-society/Documents/projects/itIncubator/blogger_platform/src/core/middlewares/validation/paramsValidation.middleware.ts","statementMap":{"0":{"start":{"line":1,"column":0},"end":{"line":1,"column":40}},"1":{"start":{"line":3,"column":13},"end":{"line":11,"column":46}}},"fnMap":{},"branchMap":{},"s":{"0":4,"1":4},"f":{},"b":{}}
,"/home/f-society/Documents/projects/itIncubator/blogger_platform/src/core/middlewares/validation/validationResult.middleware.ts": {"path":"/home/f-society/Documents/projects/itIncubator/blogger_platform/src/core/middlewares/validation/validationResult.middleware.ts","statementMap":{"0":{"start":{"line":2,"column":0},"end":{"line":2,"column":90}},"1":{"start":{"line":4,"column":0},"end":{"line":4,"column":52}},"2":{"start":{"line":6,"column":35},"end":{"line":8,"column":1}},"3":{"start":{"line":7,"column":2},"end":{"line":7,"column":33}},"4":{"start":{"line":6,"column":13},"end":{"line":6,"column":35}},"5":{"start":{"line":10,"column":21},"end":{"line":17,"column":1}},"6":{"start":{"line":11,"column":23},"end":{"line":11,"column":63}},"7":{"start":{"line":13,"column":2},"end":{"line":16,"column":4}},"8":{"start":{"line":19,"column":42},"end":{"line":35,"column":1}},"9":{"start":{"line":24,"column":17},"end":{"line":26,"column":34}},"10":{"start":{"line":28,"column":2},"end":{"line":32,"column":3}},"11":{"start":{"line":29,"column":4},"end":{"line":29,"column":73}},"12":{"start":{"line":31,"column":4},"end":{"line":31,"column":11}},"13":{"start":{"line":34,"column":2},"end":{"line":34,"column":9}},"14":{"start":{"line":19,"column":13},"end":{"line":19,"column":42}}},"fnMap":{"0":{"name":"(anonymous_0)","decl":{"start":{"line":6,"column":35},"end":{"line":6,"column":36}},"loc":{"start":{"line":6,"column":80},"end":{"line":8,"column":1}}},"1":{"name":"(anonymous_1)","decl":{"start":{"line":10,"column":21},"end":{"line":10,"column":22}},"loc":{"start":{"line":10,"column":59},"end":{"line":17,"column":1}}},"2":{"name":"(anonymous_2)","decl":{"start":{"line":19,"column":42},"end":{"line":19,"column":null}},"loc":{"start":{"line":23,"column":4},"end":{"line":35,"column":1}}}},"branchMap":{"0":{"loc":{"start":{"line":28,"column":2},"end":{"line":32,"column":3}},"type":"if","locations":[{"start":{"line":28,"column":2},"end":{"line":32,"column":3}}]}},"s":{"0":4,"1":4,"2":4,"3":0,"4":4,"5":4,"6":44,"7":44,"8":4,"9":56,"10":56,"11":16,"12":16,"13":40,"14":4},"f":{"0":0,"1":44,"2":56},"b":{"0":[16]}}
,"/home/f-society/Documents/projects/itIncubator/blogger_platform/src/core/paths/paths.ts": {"path":"/home/f-society/Documents/projects/itIncubator/blogger_platform/src/core/paths/paths.ts","statementMap":{"0":{"start":{"line":1,"column":13},"end":{"line":1,"column":39}},"1":{"start":{"line":2,"column":13},"end":{"line":2,"column":35}},"2":{"start":{"line":3,"column":13},"end":{"line":3,"column":35}}},"fnMap":{},"branchMap":{},"s":{"0":4,"1":4,"2":4},"f":{},"b":{}}
,"/home/f-society/Documents/projects/itIncubator/blogger_platform/src/core/swagger/setupSwagger.ts": {"path":"/home/f-society/Documents/projects/itIncubator/blogger_platform/src/core/swagger/setupSwagger.ts","statementMap":{"0":{"start":{"line":2,"column":0},"end":{"line":2,"column":43}},"1":{"start":{"line":3,"column":0},"end":{"line":3,"column":27}},"2":{"start":{"line":4,"column":0},"end":{"line":4,"column":24}},"3":{"start":{"line":5,"column":0},"end":{"line":5,"column":20}},"4":{"start":{"line":7,"column":28},"end":{"line":15,"column":1}},"5":{"start":{"line":8,"column":18},"end":{"line":8,"column":59}},"6":{"start":{"line":9,"column":26},"end":{"line":9,"column":null}},"7":{"start":{"line":14,"column":2},"end":{"line":14,"column":69}},"8":{"start":{"line":7,"column":13},"end":{"line":7,"column":28}}},"fnMap":{"0":{"name":"(anonymous_1)","decl":{"start":{"line":7,"column":28},"end":{"line":7,"column":29}},"loc":{"start":{"line":7,"column":45},"end":{"line":15,"column":1}}}},"branchMap":{},"s":{"0":4,"1":4,"2":4,"3":4,"4":4,"5":4,"6":4,"7":4,"8":4},"f":{"0":4},"b":{}}
,"/home/f-society/Documents/projects/itIncubator/blogger_platform/src/core/types/httpStatuses.ts": {"path":"/home/f-society/Documents/projects/itIncubator/blogger_platform/src/core/types/httpStatuses.ts","statementMap":{"0":{"start":{"line":1,"column":0},"end":{"line":1,"column":null}},"1":{"start":{"line":2,"column":2},"end":{"line":2,"column":null}},"2":{"start":{"line":3,"column":2},"end":{"line":3,"column":null}},"3":{"start":{"line":4,"column":2},"end":{"line":4,"column":null}},"4":{"start":{"line":5,"column":2},"end":{"line":5,"column":null}},"5":{"start":{"line":6,"column":2},"end":{"line":6,"column":null}},"6":{"start":{"line":7,"column":2},"end":{"line":7,"column":null}},"7":{"start":{"line":8,"column":2},"end":{"line":8,"column":null}},"8":{"start":{"line":9,"column":2},"end":{"line":9,"column":null}}},"fnMap":{"0":{"name":"(anonymous_0)","decl":{"start":{"line":1,"column":0},"end":{"line":1,"column":12}},"loc":{"start":{"line":1,"column":22},"end":{"line":10,"column":1}}}},"branchMap":{"0":{"loc":{"start":{"line":1,"column":12},"end":{"line":1,"column":null}},"type":"binary-expr","locations":[{"start":{"line":1,"column":12},"end":{"line":1,"column":22}},{"start":{"line":1,"column":22},"end":{"line":1,"column":null}}]}},"s":{"0":4,"1":4,"2":4,"3":4,"4":4,"5":4,"6":4,"7":4,"8":4},"f":{"0":4},"b":{"0":[4,4]}}
,"/home/f-society/Documents/projects/itIncubator/blogger_platform/src/core/utils/error.utils.ts": {"path":"/home/f-society/Documents/projects/itIncubator/blogger_platform/src/core/utils/error.utils.ts","statementMap":{"0":{"start":{"line":3,"column":35},"end":{"line":7,"column":1}},"1":{"start":{"line":6,"column":2},"end":{"line":6,"column":34}},"2":{"start":{"line":3,"column":13},"end":{"line":3,"column":35}}},"fnMap":{"0":{"name":"(anonymous_0)","decl":{"start":{"line":3,"column":35},"end":{"line":3,"column":null}},"loc":{"start":{"line":5,"column":35},"end":{"line":7,"column":1}}}},"branchMap":{},"s":{"0":4,"1":8,"2":4},"f":{"0":8},"b":{}}
,"/home/f-society/Documents/projects/itIncubator/blogger_platform/src/db/memory.db.ts": {"path":"/home/f-society/Documents/projects/itIncubator/blogger_platform/src/db/memory.db.ts","statementMap":{"0":{"start":{"line":1,"column":13},"end":{"line":62,"column":2}}},"fnMap":{},"branchMap":{},"s":{"0":4},"f":{},"b":{}}
,"/home/f-society/Documents/projects/itIncubator/blogger_platform/src/db/repository.base.ts": {"path":"/home/f-society/Documents/projects/itIncubator/blogger_platform/src/db/repository.base.ts","statementMap":{"0":{"start":{"line":3,"column":12},"end":{"line":3,"column":35}},"1":{"start":{"line":4,"column":12},"end":{"line":4,"column":33}},"2":{"start":{"line":6,"column":4},"end":{"line":8,"column":5}},"3":{"start":{"line":7,"column":6},"end":{"line":7,"column":70}},"4":{"start":{"line":10,"column":4},"end":{"line":10,"column":39}},"5":{"start":{"line":14,"column":4},"end":{"line":14,"column":39}},"6":{"start":{"line":18,"column":4},"end":{"line":18,"column":27}},"7":{"start":{"line":22,"column":4},"end":{"line":22,"column":66}},"8":{"start":{"line":22,"column":42},"end":{"line":22,"column":56}},"9":{"start":{"line":26,"column":4},"end":{"line":26,"column":34}},"10":{"start":{"line":28,"column":4},"end":{"line":28,"column":19}},"11":{"start":{"line":32,"column":18},"end":{"line":32,"column":69}},"12":{"start":{"line":32,"column":54},"end":{"line":32,"column":68}},"13":{"start":{"line":34,"column":4},"end":{"line":36,"column":5}},"14":{"start":{"line":35,"column":6},"end":{"line":35,"column":42}},"15":{"start":{"line":38,"column":4},"end":{"line":41,"column":6}},"16":{"start":{"line":45,"column":18},"end":{"line":45,"column":69}},"17":{"start":{"line":45,"column":54},"end":{"line":45,"column":68}},"18":{"start":{"line":47,"column":4},"end":{"line":49,"column":5}},"19":{"start":{"line":48,"column":6},"end":{"line":48,"column":42}},"20":{"start":{"line":51,"column":4},"end":{"line":51,"column":37}},"21":{"start":{"line":1,"column":0},"end":{"line":1,"column":13}}},"fnMap":{"0":{"name":"(anonymous_0)","decl":{"start":{"line":2,"column":2},"end":{"line":2,"column":null}},"loc":{"start":{"line":4,"column":33},"end":{"line":11,"column":3}}},"1":{"name":"(anonymous_1)","decl":{"start":{"line":13,"column":2},"end":{"line":13,"column":6}},"loc":{"start":{"line":13,"column":16},"end":{"line":15,"column":3}}},"2":{"name":"(anonymous_2)","decl":{"start":{"line":17,"column":2},"end":{"line":17,"column":9}},"loc":{"start":{"line":17,"column":9},"end":{"line":19,"column":3}}},"3":{"name":"(anonymous_3)","decl":{"start":{"line":21,"column":2},"end":{"line":21,"column":10}},"loc":{"start":{"line":21,"column":21},"end":{"line":23,"column":3}}},"4":{"name":"(anonymous_4)","decl":{"start":{"line":22,"column":32},"end":{"line":22,"column":33}},"loc":{"start":{"line":22,"column":42},"end":{"line":22,"column":56}}},"5":{"name":"(anonymous_5)","decl":{"start":{"line":25,"column":2},"end":{"line":25,"column":8}},"loc":{"start":{"line":25,"column":19},"end":{"line":29,"column":3}}},"6":{"name":"(anonymous_6)","decl":{"start":{"line":31,"column":2},"end":{"line":31,"column":8}},"loc":{"start":{"line":31,"column":32},"end":{"line":42,"column":3}}},"7":{"name":"(anonymous_7)","decl":{"start":{"line":32,"column":44},"end":{"line":32,"column":45}},"loc":{"start":{"line":32,"column":54},"end":{"line":32,"column":68}}},"8":{"name":"(anonymous_8)","decl":{"start":{"line":44,"column":2},"end":{"line":44,"column":8}},"loc":{"start":{"line":44,"column":19},"end":{"line":52,"column":3}}},"9":{"name":"(anonymous_9)","decl":{"start":{"line":45,"column":44},"end":{"line":45,"column":45}},"loc":{"start":{"line":45,"column":54},"end":{"line":45,"column":68}}}},"branchMap":{"0":{"loc":{"start":{"line":6,"column":4},"end":{"line":8,"column":5}},"type":"if","locations":[{"start":{"line":6,"column":4},"end":{"line":8,"column":5}}]},"1":{"loc":{"start":{"line":22,"column":11},"end":{"line":22,"column":65}},"type":"cond-expr","locations":[{"start":{"line":22,"column":57},"end":{"line":22,"column":61}},{"start":{"line":22,"column":61},"end":{"line":22,"column":65}}]},"2":{"loc":{"start":{"line":22,"column":11},"end":{"line":22,"column":61}},"type":"binary-expr","locations":[{"start":{"line":22,"column":11},"end":{"line":22,"column":61}},{"start":{"line":22,"column":57},"end":{"line":22,"column":61}}]},"3":{"loc":{"start":{"line":34,"column":4},"end":{"line":36,"column":5}},"type":"if","locations":[{"start":{"line":34,"column":4},"end":{"line":36,"column":5}}]},"4":{"loc":{"start":{"line":47,"column":4},"end":{"line":49,"column":5}},"type":"if","locations":[{"start":{"line":47,"column":4},"end":{"line":49,"column":5}}]}},"s":{"0":8,"1":8,"2":8,"3":0,"4":8,"5":62,"6":2,"7":26,"8":83,"9":24,"10":24,"11":2,"12":10,"13":2,"14":0,"15":2,"16":2,"17":12,"18":2,"19":0,"20":2,"21":4},"f":{"0":8,"1":62,"2":2,"3":26,"4":83,"5":24,"6":2,"7":10,"8":2,"9":12},"b":{"0":[0],"1":[18,8],"2":[26,26],"3":[0],"4":[0]}}
,"/home/f-society/Documents/projects/itIncubator/blogger_platform/src/posts/repositories/posts.repository.ts": {"path":"/home/f-society/Documents/projects/itIncubator/blogger_platform/src/posts/repositories/posts.repository.ts","statementMap":{"0":{"start":{"line":1,"column":0},"end":{"line":1,"column":38}},"1":{"start":{"line":2,"column":0},"end":{"line":2,"column":52}},"2":{"start":{"line":6,"column":13},"end":{"line":6,"column":79}}},"fnMap":{},"branchMap":{},"s":{"0":4,"1":4,"2":4},"f":{},"b":{}}
,"/home/f-society/Documents/projects/itIncubator/blogger_platform/src/posts/routers/posts.router.ts": {"path":"/home/f-society/Documents/projects/itIncubator/blogger_platform/src/posts/routers/posts.router.ts","statementMap":{"0":{"start":{"line":1,"column":0},"end":{"line":1,"column":31}},"1":{"start":{"line":2,"column":0},"end":{"line":2,"column":92}},"2":{"start":{"line":3,"column":0},"end":{"line":3,"column":60}},"3":{"start":{"line":4,"column":0},"end":{"line":4,"column":66}},"4":{"start":{"line":5,"column":0},"end":{"line":5,"column":64}},"5":{"start":{"line":6,"column":0},"end":{"line":6,"column":64}},"6":{"start":{"line":7,"column":0},"end":{"line":7,"column":64}},"7":{"start":{"line":8,"column":0},"end":{"line":8,"column":91}},"8":{"start":{"line":9,"column":0},"end":{"line":9,"column":105}},"9":{"start":{"line":10,"column":0},"end":{"line":10,"column":77}},"10":{"start":{"line":12,"column":13},"end":{"line":12,"column":36}},"11":{"start":{"line":14,"column":0},"end":{"line":41,"column":4}}},"fnMap":{},"branchMap":{},"s":{"0":4,"1":4,"2":4,"3":4,"4":4,"5":4,"6":4,"7":4,"8":4,"9":4,"10":4,"11":4},"f":{},"b":{}}
,"/home/f-society/Documents/projects/itIncubator/blogger_platform/src/posts/routers/handlers/createPost.handler.ts": {"path":"/home/f-society/Documents/projects/itIncubator/blogger_platform/src/posts/routers/handlers/createPost.handler.ts","statementMap":{"0":{"start":{"line":2,"column":0},"end":{"line":2,"column":60}},"1":{"start":{"line":3,"column":0},"end":{"line":3,"column":68}},"2":{"start":{"line":4,"column":0},"end":{"line":4,"column":68}},"3":{"start":{"line":5,"column":0},"end":{"line":5,"column":77}},"4":{"start":{"line":7,"column":33},"end":{"line":39,"column":1}},"5":{"start":{"line":16,"column":15},"end":{"line":16,"column":52}},"6":{"start":{"line":18,"column":2},"end":{"line":29,"column":3}},"7":{"start":{"line":19,"column":4},"end":{"line":26,"column":6}},"8":{"start":{"line":28,"column":4},"end":{"line":28,"column":11}},"9":{"start":{"line":31,"column":18},"end":{"line":35,"column":null}},"10":{"start":{"line":38,"column":2},"end":{"line":38,"column":51}},"11":{"start":{"line":7,"column":13},"end":{"line":7,"column":33}}},"fnMap":{"0":{"name":"(anonymous_0)","decl":{"start":{"line":7,"column":33},"end":{"line":7,"column":34}},"loc":{"start":{"line":7,"column":68},"end":{"line":39,"column":1}}}},"branchMap":{"0":{"loc":{"start":{"line":18,"column":2},"end":{"line":29,"column":3}},"type":"if","locations":[{"start":{"line":18,"column":2},"end":{"line":29,"column":3}}]}},"s":{"0":4,"1":4,"2":4,"3":4,"4":4,"5":9,"6":9,"7":1,"8":1,"9":8,"10":8,"11":4},"f":{"0":9},"b":{"0":[1]}}
,"/home/f-society/Documents/projects/itIncubator/blogger_platform/src/posts/routers/handlers/deletePost.handler.ts": {"path":"/home/f-society/Documents/projects/itIncubator/blogger_platform/src/posts/routers/handlers/deletePost.handler.ts","statementMap":{"0":{"start":{"line":2,"column":0},"end":{"line":2,"column":60}},"1":{"start":{"line":3,"column":0},"end":{"line":3,"column":68}},"2":{"start":{"line":4,"column":0},"end":{"line":4,"column":68}},"3":{"start":{"line":6,"column":33},"end":{"line":25,"column":1}},"4":{"start":{"line":7,"column":15},"end":{"line":7,"column":50}},"5":{"start":{"line":9,"column":2},"end":{"line":20,"column":3}},"6":{"start":{"line":10,"column":4},"end":{"line":17,"column":6}},"7":{"start":{"line":19,"column":4},"end":{"line":19,"column":11}},"8":{"start":{"line":22,"column":2},"end":{"line":22,"column":36}},"9":{"start":{"line":24,"column":2},"end":{"line":24,"column":44}},"10":{"start":{"line":6,"column":13},"end":{"line":6,"column":33}}},"fnMap":{"0":{"name":"(anonymous_0)","decl":{"start":{"line":6,"column":33},"end":{"line":6,"column":34}},"loc":{"start":{"line":6,"column":70},"end":{"line":25,"column":1}}}},"branchMap":{"0":{"loc":{"start":{"line":9,"column":2},"end":{"line":20,"column":3}},"type":"if","locations":[{"start":{"line":9,"column":2},"end":{"line":20,"column":3}}]}},"s":{"0":4,"1":4,"2":4,"3":4,"4":2,"5":2,"6":1,"7":1,"8":1,"9":1,"10":4},"f":{"0":2},"b":{"0":[1]}}
,"/home/f-society/Documents/projects/itIncubator/blogger_platform/src/posts/routers/handlers/getPostById.handler.ts": {"path":"/home/f-society/Documents/projects/itIncubator/blogger_platform/src/posts/routers/handlers/getPostById.handler.ts","statementMap":{"0":{"start":{"line":2,"column":0},"end":{"line":2,"column":60}},"1":{"start":{"line":3,"column":0},"end":{"line":3,"column":68}},"2":{"start":{"line":4,"column":0},"end":{"line":4,"column":68}},"3":{"start":{"line":6,"column":34},"end":{"line":23,"column":1}},"4":{"start":{"line":7,"column":15},"end":{"line":7,"column":50}},"5":{"start":{"line":9,"column":2},"end":{"line":20,"column":3}},"6":{"start":{"line":10,"column":4},"end":{"line":17,"column":6}},"7":{"start":{"line":19,"column":4},"end":{"line":19,"column":11}},"8":{"start":{"line":22,"column":2},"end":{"line":22,"column":43}},"9":{"start":{"line":6,"column":13},"end":{"line":6,"column":34}}},"fnMap":{"0":{"name":"(anonymous_0)","decl":{"start":{"line":6,"column":34},"end":{"line":6,"column":35}},"loc":{"start":{"line":6,"column":71},"end":{"line":23,"column":1}}}},"branchMap":{"0":{"loc":{"start":{"line":9,"column":2},"end":{"line":20,"column":3}},"type":"if","locations":[{"start":{"line":9,"column":2},"end":{"line":20,"column":3}}]}},"s":{"0":4,"1":4,"2":4,"3":4,"4":3,"5":3,"6":1,"7":1,"8":2,"9":4},"f":{"0":3},"b":{"0":[1]}}
,"/home/f-society/Documents/projects/itIncubator/blogger_platform/src/posts/routers/handlers/getPosts.handler.ts": {"path":"/home/f-society/Documents/projects/itIncubator/blogger_platform/src/posts/routers/handlers/getPosts.handler.ts","statementMap":{"0":{"start":{"line":2,"column":0},"end":{"line":2,"column":60}},"1":{"start":{"line":3,"column":0},"end":{"line":3,"column":68}},"2":{"start":{"line":5,"column":31},"end":{"line":13,"column":1}},"3":{"start":{"line":6,"column":2},"end":{"line":12,"column":3}},"4":{"start":{"line":7,"column":18},"end":{"line":7,"column":43}},"5":{"start":{"line":9,"column":4},"end":{"line":9,"column":46}},"6":{"start":{"line":11,"column":4},"end":{"line":11,"column":57}},"7":{"start":{"line":5,"column":13},"end":{"line":5,"column":31}}},"fnMap":{"0":{"name":"(anonymous_0)","decl":{"start":{"line":5,"column":31},"end":{"line":5,"column":32}},"loc":{"start":{"line":5,"column":61},"end":{"line":13,"column":1}}}},"branchMap":{},"s":{"0":4,"1":4,"2":4,"3":1,"4":1,"5":1,"6":0,"7":4},"f":{"0":1},"b":{}}
,"/home/f-society/Documents/projects/itIncubator/blogger_platform/src/posts/routers/handlers/updatePost.handler.ts": {"path":"/home/f-society/Documents/projects/itIncubator/blogger_platform/src/posts/routers/handlers/updatePost.handler.ts","statementMap":{"0":{"start":{"line":2,"column":0},"end":{"line":2,"column":60}},"1":{"start":{"line":3,"column":0},"end":{"line":3,"column":68}},"2":{"start":{"line":4,"column":0},"end":{"line":4,"column":68}},"3":{"start":{"line":5,"column":0},"end":{"line":5,"column":77}},"4":{"start":{"line":7,"column":33},"end":{"line":52,"column":1}},"5":{"start":{"line":8,"column":15},"end":{"line":8,"column":50}},"6":{"start":{"line":10,"column":2},"end":{"line":21,"column":3}},"7":{"start":{"line":11,"column":4},"end":{"line":18,"column":6}},"8":{"start":{"line":20,"column":4},"end":{"line":20,"column":11}},"9":{"start":{"line":30,"column":15},"end":{"line":30,"column":52}},"10":{"start":{"line":32,"column":2},"end":{"line":43,"column":3}},"11":{"start":{"line":33,"column":4},"end":{"line":40,"column":6}},"12":{"start":{"line":42,"column":4},"end":{"line":42,"column":11}},"13":{"start":{"line":45,"column":2},"end":{"line":49,"column":5}},"14":{"start":{"line":51,"column":2},"end":{"line":51,"column":44}},"15":{"start":{"line":7,"column":13},"end":{"line":7,"column":33}}},"fnMap":{"0":{"name":"(anonymous_0)","decl":{"start":{"line":7,"column":33},"end":{"line":7,"column":34}},"loc":{"start":{"line":7,"column":76},"end":{"line":52,"column":1}}}},"branchMap":{"0":{"loc":{"start":{"line":10,"column":2},"end":{"line":21,"column":3}},"type":"if","locations":[{"start":{"line":10,"column":2},"end":{"line":21,"column":3}}]},"1":{"loc":{"start":{"line":32,"column":2},"end":{"line":43,"column":3}},"type":"if","locations":[{"start":{"line":32,"column":2},"end":{"line":43,"column":3}}]}},"s":{"0":4,"1":4,"2":4,"3":4,"4":4,"5":3,"6":3,"7":1,"8":1,"9":2,"10":2,"11":1,"12":1,"13":1,"14":1,"15":4},"f":{"0":3},"b":{"0":[1],"1":[1]}}
,"/home/f-society/Documents/projects/itIncubator/blogger_platform/src/posts/validation/postInputDto.validation.ts": {"path":"/home/f-society/Documents/projects/itIncubator/blogger_platform/src/posts/validation/postInputDto.validation.ts","statementMap":{"0":{"start":{"line":1,"column":0},"end":{"line":1,"column":93}},"1":{"start":{"line":3,"column":13},"end":{"line":8,"column":2}}},"fnMap":{},"branchMap":{},"s":{"0":4,"1":4},"f":{},"b":{}}
,"/home/f-society/Documents/projects/itIncubator/blogger_platform/src/testing/routers/testing.router.ts": {"path":"/home/f-society/Documents/projects/itIncubator/blogger_platform/src/testing/routers/testing.router.ts","statementMap":{"0":{"start":{"line":1,"column":0},"end":{"line":1,"column":50}},"1":{"start":{"line":2,"column":0},"end":{"line":2,"column":57}},"2":{"start":{"line":3,"column":0},"end":{"line":3,"column":38}},"3":{"start":{"line":5,"column":13},"end":{"line":5,"column":38}},"4":{"start":{"line":7,"column":0},"end":{"line":12,"column":3}},"5":{"start":{"line":8,"column":2},"end":{"line":8,"column":16}},"6":{"start":{"line":9,"column":2},"end":{"line":9,"column":16}},"7":{"start":{"line":11,"column":2},"end":{"line":11,"column":44}}},"fnMap":{"0":{"name":"(anonymous_0)","decl":{"start":{"line":7,"column":34},"end":{"line":7,"column":35}},"loc":{"start":{"line":7,"column":64},"end":{"line":12,"column":1}}}},"branchMap":{},"s":{"0":4,"1":4,"2":4,"3":4,"4":4,"5":4,"6":4,"7":4},"f":{"0":4},"b":{}}
}
