TN:
SF:__tests__/utils/blogs.ts
FN:9,(anonymous_8)
FN:17,(anonymous_9)
FN:17,(anonymous_10)
FN:25,(anonymous_11)
FN:25,(anonymous_12)
FN:39,(anonymous_13)
FN:43,(anonymous_14)
FNF:7
FNH:7
FNDA:19,(anonymous_8)
FNDA:2,(anonymous_9)
FNDA:2,(anonymous_10)
FNDA:16,(anonymous_11)
FNDA:16,(anonymous_12)
FNDA:1,(anonymous_13)
FNDA:1,(anonymous_14)
DA:1,4
DA:5,4
DA:6,4
DA:7,4
DA:9,4
DA:10,19
DA:17,4
DA:18,2
DA:22,2
DA:25,16
DA:26,16
DA:28,16
DA:30,16
DA:36,16
DA:39,4
DA:43,1
DA:44,1
DA:46,1
DA:48,1
DA:54,1
LF:20
LH:20
BRF:0
BRH:0
end_of_record
TN:
SF:__tests__/utils/index.ts
FN:10,(anonymous_1)
FN:13,generateBasicAuthToken
FN:20,(anonymous_3)
FNF:3
FNH:3
FNDA:4,(anonymous_1)
FNDA:30,generateBasicAuthToken
FNDA:12,(anonymous_3)
DA:2,4
DA:3,4
DA:4,4
DA:5,4
DA:10,4
DA:11,4
DA:13,4
DA:14,30
DA:15,30
DA:17,30
DA:20,4
DA:24,12
DA:25,0
DA:28,12
DA:29,12
DA:30,12
DA:32,12
DA:33,3502
DA:37,3502
DA:40,12
DA:42,12
DA:43,0
DA:46,12
LF:23
LH:21
BRDA:22,0,0,12
BRDA:24,1,0,0
BRDA:33,2,0,3502
BRDA:33,2,1,0
BRF:4
BRH:2
end_of_record
TN:
SF:__tests__/utils/posts.ts
FN:9,(anonymous_8)
FN:18,(anonymous_9)
FN:18,(anonymous_10)
FN:26,(anonymous_11)
FN:26,(anonymous_12)
FN:38,(anonymous_13)
FN:42,(anonymous_14)
FNF:7
FNH:7
FNDA:11,(anonymous_8)
FNDA:2,(anonymous_9)
FNDA:2,(anonymous_10)
FNDA:8,(anonymous_11)
FNDA:8,(anonymous_12)
FNDA:1,(anonymous_13)
FNDA:1,(anonymous_14)
DA:2,2
DA:3,2
DA:4,2
DA:5,2
DA:9,2
DA:10,11
DA:18,2
DA:19,2
DA:23,2
DA:26,8
DA:27,8
DA:29,8
DA:35,8
DA:38,2
DA:42,1
DA:43,1
DA:45,1
LF:17
LH:17
BRF:0
BRH:0
end_of_record
TN:
SF:src/setupApp.ts
FN:9,(anonymous_1)
FN:12,(anonymous_2)
FNF:2
FNH:1
FNDA:4,(anonymous_1)
FNDA:0,(anonymous_2)
DA:1,4
DA:2,4
DA:3,4
DA:4,4
DA:5,4
DA:6,4
DA:7,4
DA:9,4
DA:10,4
DA:12,4
DA:13,0
DA:16,4
DA:17,4
DA:18,4
DA:20,4
DA:22,4
LF:16
LH:15
BRF:0
BRH:0
end_of_record
TN:
SF:src/auth/middlewares/superAdminGuard.middleware.ts
FN:7,(anonymous_0)
FNF:1
FNH:1
FNDA:56,(anonymous_0)
DA:2,4
DA:4,4
DA:5,4
DA:7,4
DA:12,56
DA:14,56
DA:15,6
DA:17,6
DA:20,50
DA:22,50
DA:23,0
DA:25,0
DA:28,50
DA:30,50
DA:32,50
DA:33,0
DA:35,0
DA:38,50
LF:18
LH:14
BRDA:4,0,0,4
BRDA:4,0,1,4
BRDA:5,1,0,4
BRDA:5,1,1,4
BRDA:14,2,0,6
BRDA:22,3,0,0
BRDA:32,4,0,0
BRDA:32,5,0,50
BRDA:32,5,1,50
BRF:9
BRH:7
end_of_record
TN:
SF:src/blogs/repositories/blogs.repository.ts
FN:14,(anonymous_7)
FN:18,(anonymous_9)
FN:22,(anonymous_11)
FN:28,(anonymous_13)
FN:39,(anonymous_15)
FNF:5
FNH:5
FNDA:1,(anonymous_7)
FNDA:18,(anonymous_9)
FNDA:16,(anonymous_11)
FNDA:1,(anonymous_13)
FNDA:1,(anonymous_15)
DA:1,4
DA:2,4
DA:13,4
DA:15,1
DA:19,18
DA:23,16
DA:25,16
DA:29,1
DA:34,1
DA:35,0
DA:40,1
DA:44,1
DA:45,0
LF:13
LH:11
BRDA:34,0,0,0
BRDA:44,1,0,0
BRF:2
BRH:0
end_of_record
TN:
SF:src/blogs/routers/blogs.router.ts
FNF:0
FNH:0
DA:1,4
DA:2,4
DA:3,4
DA:4,4
DA:5,4
DA:6,4
DA:7,4
DA:8,4
DA:9,4
DA:10,4
DA:12,4
DA:14,4
LF:12
LH:12
BRF:0
BRH:0
end_of_record
TN:
SF:src/blogs/routers/handlers/createBlog.handler.ts
FN:6,(anonymous_7)
FN:6,(anonymous_8)
FNF:2
FNH:2
FNDA:16,(anonymous_7)
FNDA:16,(anonymous_8)
DA:2,4
DA:3,4
DA:4,4
DA:6,16
DA:7,16
DA:8,16
DA:10,16
DA:12,0
LF:8
LH:7
BRF:0
BRH:0
end_of_record
TN:
SF:src/blogs/routers/handlers/deleteBlog.handler.ts
FN:6,(anonymous_7)
FN:6,(anonymous_8)
FNF:2
FNH:2
FNDA:2,(anonymous_7)
FNDA:2,(anonymous_8)
DA:2,4
DA:3,4
DA:4,4
DA:6,4
DA:7,2
DA:8,2
DA:10,2
DA:11,1
DA:20,1
DA:23,1
DA:25,1
DA:27,0
LF:12
LH:11
BRDA:10,0,0,1
BRF:1
BRH:1
end_of_record
TN:
SF:src/blogs/routers/handlers/getBlogById.handler.ts
FN:7,(anonymous_7)
FN:7,(anonymous_8)
FNF:2
FNH:2
FNDA:3,(anonymous_7)
FNDA:3,(anonymous_8)
DA:2,4
DA:3,4
DA:4,4
DA:5,4
DA:7,4
DA:8,3
DA:9,3
DA:11,3
DA:12,1
DA:21,1
DA:24,2
DA:26,0
LF:12
LH:11
BRDA:11,0,0,1
BRF:1
BRH:1
end_of_record
TN:
SF:src/blogs/routers/handlers/getBlogs.handler.ts
FN:6,(anonymous_7)
FN:6,(anonymous_8)
FN:9,(anonymous_9)
FNF:3
FNH:3
FNDA:1,(anonymous_7)
FNDA:1,(anonymous_8)
FNDA:2,(anonymous_9)
DA:2,4
DA:3,4
DA:4,4
DA:6,4
DA:7,1
DA:8,1
DA:9,2
DA:11,1
DA:13,0
LF:9
LH:8
BRF:0
BRH:0
end_of_record
TN:
SF:src/blogs/routers/handlers/updateBlog.handler.ts
FN:6,(anonymous_7)
FN:6,(anonymous_8)
FNF:2
FNH:2
FNDA:2,(anonymous_7)
FNDA:2,(anonymous_8)
DA:2,4
DA:3,4
DA:4,4
DA:6,4
DA:7,2
DA:8,2
DA:10,2
DA:11,1
DA:20,1
DA:23,1
DA:25,1
DA:27,0
LF:12
LH:11
BRDA:10,0,0,1
BRF:1
BRH:1
end_of_record
TN:
SF:src/blogs/validation/blogInputDto.validation.ts
FNF:0
FNH:0
DA:1,4
DA:4,4
DA:6,4
LF:3
LH:3
BRF:0
BRH:0
end_of_record
TN:
SF:src/core/middlewares/validation/bodyValidation.middleware.ts
FN:12,(anonymous_0)
FNF:1
FNH:1
FNDA:24,(anonymous_0)
DA:1,4
DA:12,4
DA:20,24
DA:22,24
DA:23,0
DA:26,24
DA:28,24
DA:30,24
DA:31,24
DA:33,24
DA:34,24
DA:35,24
DA:36,24
DA:38,24
DA:41,24
DA:42,0
DA:45,24
DA:46,4
DA:51,24
LF:19
LH:17
BRDA:22,0,0,0
BRDA:30,1,0,20
BRDA:31,2,0,24
BRDA:33,3,0,24
BRDA:34,4,0,20
BRDA:34,4,1,4
BRDA:35,5,0,24
BRDA:35,5,1,0
BRDA:36,6,0,20
BRDA:36,6,1,4
BRDA:36,7,0,24
BRDA:36,7,1,20
BRDA:41,8,0,0
BRDA:45,9,0,4
BRF:14
BRH:11
end_of_record
TN:
SF:src/core/middlewares/validation/paramsValidation.middleware.ts
FN:13,(anonymous_0)
FNF:1
FNH:1
FNDA:28,(anonymous_0)
DA:1,4
DA:13,4
DA:14,28
LF:3
LH:3
BRDA:13,0,0,24
BRF:1
BRH:1
end_of_record
TN:
SF:src/core/middlewares/validation/validationResult.middleware.ts
FN:6,(anonymous_0)
FN:10,(anonymous_1)
FN:19,(anonymous_2)
FNF:3
FNH:2
FNDA:0,(anonymous_0)
FNDA:44,(anonymous_1)
FNDA:56,(anonymous_2)
DA:2,4
DA:4,4
DA:6,4
DA:7,0
DA:10,4
DA:11,44
DA:13,44
DA:19,4
DA:24,56
DA:28,56
DA:29,16
DA:31,16
DA:34,40
LF:13
LH:12
BRDA:28,0,0,16
BRF:1
BRH:1
end_of_record
TN:
SF:src/core/paths/paths.ts
FNF:0
FNH:0
DA:1,4
DA:2,4
DA:3,4
LF:3
LH:3
BRF:0
BRH:0
end_of_record
TN:
SF:src/core/settings/config.ts
FNF:0
FNH:0
DA:1,4
LF:1
LH:1
BRDA:2,0,0,4
BRDA:2,0,1,0
BRDA:3,1,0,4
BRDA:3,1,1,0
BRDA:4,2,0,4
BRDA:4,2,1,0
BRF:6
BRH:3
end_of_record
TN:
SF:src/core/swagger/setupSwagger.ts
FN:7,(anonymous_1)
FNF:1
FNH:1
FNDA:4,(anonymous_1)
DA:2,4
DA:3,4
DA:4,4
DA:5,4
DA:7,4
DA:8,4
DA:9,4
DA:14,4
LF:8
LH:8
BRF:0
BRH:0
end_of_record
TN:
SF:src/core/types/httpStatuses.ts
FN:1,(anonymous_0)
FNF:1
FNH:1
FNDA:4,(anonymous_0)
DA:1,4
DA:2,4
DA:3,4
DA:4,4
DA:5,4
DA:6,4
DA:7,4
DA:8,4
DA:9,4
LF:9
LH:9
BRDA:1,0,0,4
BRDA:1,0,1,4
BRF:2
BRH:2
end_of_record
TN:
SF:src/core/utils/error.utils.ts
FN:3,(anonymous_0)
FNF:1
FNH:1
FNDA:8,(anonymous_0)
DA:3,4
DA:6,8
LF:2
LH:2
BRF:0
BRH:0
end_of_record
TN:
SF:src/db/mongo.db.ts
FN:15,(anonymous_7)
FN:16,(anonymous_8)
FN:18,(anonymous_9)
FN:18,(anonymous_10)
FN:37,stopDb
FNF:5
FNH:2
FNDA:0,(anonymous_7)
FNDA:0,(anonymous_8)
FNDA:4,(anonymous_9)
FNDA:4,(anonymous_10)
FNDA:0,stopDb
DA:1,4
DA:2,4
DA:6,4
DA:7,4
DA:15,4
DA:16,0
DA:18,4
DA:19,4
DA:20,4
DA:22,4
DA:23,4
DA:25,4
DA:26,4
DA:27,4
DA:29,4
DA:31,0
DA:33,0
DA:37,4
DA:38,0
DA:39,0
DA:42,0
LF:21
LH:15
BRDA:38,0,0,0
BRF:1
BRH:0
end_of_record
TN:
SF:src/db/utils.ts
FN:13,(anonymous_1)
FN:14,(anonymous_2)
FN:21,(anonymous_3)
FNF:3
FNH:1
FNDA:0,(anonymous_1)
FNDA:0,(anonymous_2)
FNDA:32,(anonymous_3)
DA:13,4
DA:14,0
DA:15,0
DA:21,32
DA:22,32
LF:5
LH:3
BRF:0
BRH:0
end_of_record
TN:
SF:src/posts/repositories/posts.repository.ts
FN:14,(anonymous_7)
FN:18,(anonymous_9)
FN:22,(anonymous_11)
FN:28,(anonymous_13)
FN:39,(anonymous_15)
FNF:5
FNH:5
FNDA:1,(anonymous_7)
FNDA:8,(anonymous_9)
FNDA:8,(anonymous_11)
FNDA:1,(anonymous_13)
FNDA:1,(anonymous_15)
DA:1,4
DA:2,4
DA:13,4
DA:15,1
DA:19,8
DA:23,8
DA:25,8
DA:29,1
DA:34,1
DA:35,0
DA:40,1
DA:44,1
DA:45,0
LF:13
LH:11
BRDA:34,0,0,0
BRDA:44,1,0,0
BRF:2
BRH:0
end_of_record
TN:
SF:src/posts/routers/posts.router.ts
FNF:0
FNH:0
DA:1,4
DA:2,4
DA:3,4
DA:4,4
DA:5,4
DA:6,4
DA:7,4
DA:8,4
DA:9,4
DA:10,4
DA:12,4
DA:14,4
LF:12
LH:12
BRF:0
BRH:0
end_of_record
TN:
SF:src/posts/routers/handlers/createPost.handler.ts
FN:8,(anonymous_7)
FN:8,(anonymous_8)
FNF:2
FNH:2
FNDA:9,(anonymous_7)
FNDA:9,(anonymous_8)
DA:2,4
DA:3,4
DA:4,4
DA:5,4
DA:6,4
DA:8,9
DA:9,9
DA:10,9
DA:12,9
DA:13,1
DA:22,1
DA:25,8
DA:31,8
DA:33,0
LF:14
LH:13
BRDA:12,0,0,1
BRF:1
BRH:1
end_of_record
TN:
SF:src/posts/routers/handlers/deletePost.handler.ts
FN:6,(anonymous_7)
FN:6,(anonymous_8)
FNF:2
FNH:2
FNDA:2,(anonymous_7)
FNDA:2,(anonymous_8)
DA:2,4
DA:3,4
DA:4,4
DA:6,4
DA:7,2
DA:8,2
DA:10,2
DA:11,1
DA:20,1
DA:23,1
DA:25,1
DA:27,0
LF:12
LH:11
BRDA:10,0,0,1
BRF:1
BRH:1
end_of_record
TN:
SF:src/posts/routers/handlers/getPostById.handler.ts
FN:7,(anonymous_7)
FN:7,(anonymous_8)
FNF:2
FNH:2
FNDA:3,(anonymous_7)
FNDA:3,(anonymous_8)
DA:2,4
DA:3,4
DA:4,4
DA:5,4
DA:7,4
DA:8,3
DA:9,3
DA:11,3
DA:12,1
DA:21,1
DA:24,2
DA:26,0
LF:12
LH:11
BRDA:11,0,0,1
BRF:1
BRH:1
end_of_record
TN:
SF:src/posts/routers/handlers/getPosts.handler.ts
FN:6,(anonymous_7)
FN:6,(anonymous_8)
FN:9,(anonymous_9)
FNF:3
FNH:3
FNDA:1,(anonymous_7)
FNDA:1,(anonymous_8)
FNDA:2,(anonymous_9)
DA:2,4
DA:3,4
DA:4,4
DA:6,4
DA:7,1
DA:8,1
DA:9,2
DA:11,1
DA:13,0
LF:9
LH:8
BRF:0
BRH:0
end_of_record
TN:
SF:src/posts/routers/handlers/updatePost.handler.ts
FN:7,(anonymous_7)
FN:7,(anonymous_8)
FNF:2
FNH:2
FNDA:3,(anonymous_7)
FNDA:3,(anonymous_8)
DA:2,4
DA:3,4
DA:4,4
DA:5,4
DA:7,4
DA:8,3
DA:9,3
DA:11,3
DA:12,1
DA:21,1
DA:24,2
DA:26,2
DA:27,1
DA:36,1
DA:39,1
DA:45,1
DA:47,0
LF:17
LH:16
BRDA:11,0,0,1
BRDA:26,1,0,1
BRF:2
BRH:2
end_of_record
TN:
SF:src/posts/validation/postInputDto.validation.ts
FNF:0
FNH:0
DA:1,4
DA:2,4
DA:4,4
LF:3
LH:3
BRF:0
BRH:0
end_of_record
TN:
SF:src/testing/routers/testing.router.ts
FN:7,(anonymous_7)
FN:7,(anonymous_8)
FNF:2
FNH:2
FNDA:4,(anonymous_7)
FNDA:4,(anonymous_8)
DA:1,4
DA:2,4
DA:3,4
DA:5,4
DA:7,4
DA:8,4
DA:10,4
LF:7
LH:7
BRF:0
BRH:0
end_of_record
